<?xml version="1.0" encoding="UTF-8"?>
<testng-results ignored="0" total="2" passed="2" failed="0" skipped="0">
  <reporter-output>
  </reporter-output>
  <suite started-at="2022-07-15T11:07:50 IST" name="Default suite" finished-at="2022-07-15T11:07:51 IST" duration-ms="288">
    <groups>
    </groups>
    <test started-at="2022-07-15T11:07:50 IST" name="Default test" finished-at="2022-07-15T11:07:51 IST" duration-ms="288">
      <class name="org.in.NewTest">
        <test-method is-config="true" signature="before()[pri:0, instance:org.in.NewTest@41e1e210]" started-at="2022-07-15T11:07:50 IST" name="before" finished-at="2022-07-15T11:07:50 IST" duration-ms="22" status="PASS">
          <reporter-output>
          </reporter-output>
        </test-method> <!-- before -->
        <test-method is-config="true" signature="beforeMethod()[pri:0, instance:org.in.NewTest@41e1e210]" started-at="2022-07-15T11:07:50 IST" name="beforeMethod" finished-at="2022-07-15T11:07:50 IST" duration-ms="1" status="PASS">
          <reporter-output>
          </reporter-output>
        </test-method> <!-- beforeMethod -->
        <test-method signature="tc1()[pri:0, instance:org.in.NewTest@41e1e210]" started-at="2022-07-15T11:07:50 IST" name="tc1" finished-at="2022-07-15T11:07:50 IST" duration-ms="26" status="PASS">
          <reporter-output>
          </reporter-output>
        </test-method> <!-- tc1 -->
        <test-method is-config="true" signature="afterMethod()[pri:0, instance:org.in.NewTest@41e1e210]" started-at="2022-07-15T11:07:50 IST" name="afterMethod" finished-at="2022-07-15T11:07:50 IST" duration-ms="4" status="PASS">
          <reporter-output>
          </reporter-output>
        </test-method> <!-- afterMethod -->
        <test-method is-config="true" signature="beforeMethod()[pri:0, instance:org.in.NewTest@41e1e210]" started-at="2022-07-15T11:07:50 IST" name="beforeMethod" finished-at="2022-07-15T11:07:50 IST" duration-ms="3" status="PASS">
          <reporter-output>
          </reporter-output>
        </test-method> <!-- beforeMethod -->
        <test-method signature="tc2()[pri:0, instance:org.in.NewTest@41e1e210]" started-at="2022-07-15T11:07:50 IST" name="tc2" finished-at="2022-07-15T11:07:51 IST" duration-ms="7" status="PASS">
          <reporter-output>
          </reporter-output>
        </test-method> <!-- tc2 -->
        <test-method is-config="true" signature="afterMethod()[pri:0, instance:org.in.NewTest@41e1e210]" started-at="2022-07-15T11:07:51 IST" name="afterMethod" finished-at="2022-07-15T11:07:51 IST" duration-ms="1" status="PASS">
          <reporter-output>
          </reporter-output>
        </test-method> <!-- afterMethod -->
        <test-method is-config="true" signature="afterClass()[pri:0, instance:org.in.NewTest@41e1e210]" started-at="2022-07-15T11:07:51 IST" name="afterClass" finished-at="2022-07-15T11:07:51 IST" duration-ms="1" status="PASS">
          <reporter-output>
          </reporter-output>
        </test-method> <!-- afterClass -->
      </class> <!-- org.in.NewTest -->
    </test> <!-- Default test -->
  </suite> <!-- Default suite -->
</testng-results>
